  main.cpp
d:\project\openglfiles\project_vs\tutorial1.2\tutorial1.2\Shader.h(67): warning C4101: 'infoLog': unreferenced local variable
d:\project\openglfiles\project_vs\tutorial1.2\tutorial1.2\Shader.h(66): warning C4101: 'success': unreferenced local variable
main.cpp(166): warning C4244: '=': conversion from 'double' to 'float', possible loss of data
main.cpp(167): warning C4244: '=': conversion from 'double' to 'float', possible loss of data
main.cpp(168): warning C4244: '=': conversion from 'double' to 'float', possible loss of data
main.cpp(169): warning C4244: '=': conversion from 'double' to 'float', possible loss of data
main.cpp(170): warning C4244: '=': conversion from 'double' to 'float', possible loss of data
main.cpp(171): warning C4244: '=': conversion from 'double' to 'float', possible loss of data
main.cpp(172): warning C4244: '=': conversion from 'double' to 'float', possible loss of data
main.cpp(173): warning C4244: '=': conversion from 'double' to 'float', possible loss of data
main.cpp(176): warning C4244: 'initializing': conversion from 'double' to 'float', possible loss of data
main.cpp(270): warning C4244: '=': conversion from 'double' to 'float', possible loss of data
main.cpp(273): warning C4244: '=': conversion from 'double' to 'float', possible loss of data
main.cpp(342): warning C4244: '=': conversion from 'double' to 'float', possible loss of data
main.cpp(399): warning C4244: '=': conversion from 'double' to 'float', possible loss of data
main.cpp(400): warning C4244: '=': conversion from 'double' to 'float', possible loss of data
main.cpp(404): warning C4244: 'initializing': conversion from 'double' to 'float', possible loss of data
main.cpp(405): warning C4244: 'initializing': conversion from 'double' to 'float', possible loss of data
main.cpp(407): warning C4244: '=': conversion from 'double' to 'float', possible loss of data
main.cpp(408): warning C4244: '=': conversion from 'double' to 'float', possible loss of data
main.cpp(417): warning C4244: 'argument': conversion from 'double' to 'GLfloat', possible loss of data
SOIL.lib(SOIL.obj) : warning LNK4075: ignoring '/EDITANDCONTINUE' due to '/OPT:ICF' specification
LINK : warning LNK4098: defaultlib 'MSVCRTD' conflicts with use of other libs; use /NODEFAULTLIB:library
LINK : warning LNK4098: defaultlib 'LIBCMT' conflicts with use of other libs; use /NODEFAULTLIB:library
  Generating code
  1 of 777 functions ( 0.1%) were compiled, the rest were copied from previous compilation.
    0 functions were new in current compilation
    2 functions had inline decision re-evaluated but remain unchanged
  Finished generating code
glfw3.lib(context.obj) : warning LNK4099: PDB 'glfw.pdb' was not found with 'glfw3.lib(context.obj)' or at 'D:\project\OpenglFiles\project_vs\tutorial1.2\Release\glfw.pdb'; linking object as if no debug info
glfw3.lib(init.obj) : warning LNK4099: PDB 'glfw.pdb' was not found with 'glfw3.lib(init.obj)' or at 'D:\project\OpenglFiles\project_vs\tutorial1.2\Release\glfw.pdb'; linking object as if no debug info
glfw3.lib(input.obj) : warning LNK4099: PDB 'glfw.pdb' was not found with 'glfw3.lib(input.obj)' or at 'D:\project\OpenglFiles\project_vs\tutorial1.2\Release\glfw.pdb'; linking object as if no debug info
glfw3.lib(monitor.obj) : warning LNK4099: PDB 'glfw.pdb' was not found with 'glfw3.lib(monitor.obj)' or at 'D:\project\OpenglFiles\project_vs\tutorial1.2\Release\glfw.pdb'; linking object as if no debug info
glfw3.lib(vulkan.obj) : warning LNK4099: PDB 'glfw.pdb' was not found with 'glfw3.lib(vulkan.obj)' or at 'D:\project\OpenglFiles\project_vs\tutorial1.2\Release\glfw.pdb'; linking object as if no debug info
glfw3.lib(window.obj) : warning LNK4099: PDB 'glfw.pdb' was not found with 'glfw3.lib(window.obj)' or at 'D:\project\OpenglFiles\project_vs\tutorial1.2\Release\glfw.pdb'; linking object as if no debug info
glfw3.lib(win32_init.obj) : warning LNK4099: PDB 'glfw.pdb' was not found with 'glfw3.lib(win32_init.obj)' or at 'D:\project\OpenglFiles\project_vs\tutorial1.2\Release\glfw.pdb'; linking object as if no debug info
glfw3.lib(win32_joystick.obj) : warning LNK4099: PDB 'glfw.pdb' was not found with 'glfw3.lib(win32_joystick.obj)' or at 'D:\project\OpenglFiles\project_vs\tutorial1.2\Release\glfw.pdb'; linking object as if no debug info
glfw3.lib(win32_monitor.obj) : warning LNK4099: PDB 'glfw.pdb' was not found with 'glfw3.lib(win32_monitor.obj)' or at 'D:\project\OpenglFiles\project_vs\tutorial1.2\Release\glfw.pdb'; linking object as if no debug info
glfw3.lib(win32_time.obj) : warning LNK4099: PDB 'glfw.pdb' was not found with 'glfw3.lib(win32_time.obj)' or at 'D:\project\OpenglFiles\project_vs\tutorial1.2\Release\glfw.pdb'; linking object as if no debug info
glfw3.lib(win32_tls.obj) : warning LNK4099: PDB 'glfw.pdb' was not found with 'glfw3.lib(win32_tls.obj)' or at 'D:\project\OpenglFiles\project_vs\tutorial1.2\Release\glfw.pdb'; linking object as if no debug info
glfw3.lib(win32_window.obj) : warning LNK4099: PDB 'glfw.pdb' was not found with 'glfw3.lib(win32_window.obj)' or at 'D:\project\OpenglFiles\project_vs\tutorial1.2\Release\glfw.pdb'; linking object as if no debug info
glfw3.lib(wgl_context.obj) : warning LNK4099: PDB 'glfw.pdb' was not found with 'glfw3.lib(wgl_context.obj)' or at 'D:\project\OpenglFiles\project_vs\tutorial1.2\Release\glfw.pdb'; linking object as if no debug info
glfw3.lib(egl_context.obj) : warning LNK4099: PDB 'glfw.pdb' was not found with 'glfw3.lib(egl_context.obj)' or at 'D:\project\OpenglFiles\project_vs\tutorial1.2\Release\glfw.pdb'; linking object as if no debug info
glew32s.lib(glew.obj) : warning LNK4099: PDB 'vc120.pdb' was not found with 'glew32s.lib(glew.obj)' or at 'D:\project\OpenglFiles\project_vs\tutorial1.2\Release\vc120.pdb'; linking object as if no debug info
SOIL.lib(image_DXT.obj) : warning LNK4099: PDB 'SOIL.pdb' was not found with 'SOIL.lib(image_DXT.obj)' or at 'D:\project\OpenglFiles\project_vs\tutorial1.2\Release\SOIL.pdb'; linking object as if no debug info
SOIL.lib(image_helper.obj) : warning LNK4099: PDB 'SOIL.pdb' was not found with 'SOIL.lib(image_helper.obj)' or at 'D:\project\OpenglFiles\project_vs\tutorial1.2\Release\SOIL.pdb'; linking object as if no debug info
SOIL.lib(SOIL.obj) : warning LNK4099: PDB 'SOIL.pdb' was not found with 'SOIL.lib(SOIL.obj)' or at 'D:\project\OpenglFiles\project_vs\tutorial1.2\Release\SOIL.pdb'; linking object as if no debug info
SOIL.lib(stb_image_aug.obj) : warning LNK4099: PDB 'SOIL.pdb' was not found with 'SOIL.lib(stb_image_aug.obj)' or at 'D:\project\OpenglFiles\project_vs\tutorial1.2\Release\SOIL.pdb'; linking object as if no debug info
  tutorial1.2.vcxproj -> D:\project\OpenglFiles\project_vs\tutorial1.2\Release\tutorial1.2.exe
  tutorial1.2.vcxproj -> D:\project\OpenglFiles\project_vs\tutorial1.2\Release\tutorial1.2.pdb (Full PDB)
